<?xml version="1.0" encoding="UTF-8"?>
<testsuite xmlns:xsi="http://www.w3.org/2001/XMLSchema-instance" xsi:noNamespaceSchemaLocation="https://maven.apache.org/surefire/maven-surefire-plugin/xsd/surefire-test-report.xsd" name="hello.service.MyServiceTest" time="6.566" tests="1" errors="0" skipped="0" failures="0">
  <properties>
    <property name="gopherProxySet" value="false"/>
    <property name="awt.toolkit" value="sun.lwawt.macosx.LWCToolkit"/>
    <property name="file.encoding.pkg" value="sun.io"/>
    <property name="java.specification.version" value="1.8"/>
    <property name="sun.cpu.isalist" value=""/>
    <property name="sun.jnu.encoding" value="UTF-8"/>
    <property name="java.class.path" value="/Volumes/olive/eclipse-wspc-MyMavenProj/p-connect/p-connect-library/target/test-classes:/Volumes/olive/eclipse-wspc-MyMavenProj/p-connect/p-connect-library/target/classes:/Volumes/olive/Tools/apache-maven-3.5.3/repo/org/springframework/boot/spring-boot-starter/2.0.2.RELEASE/spring-boot-starter-2.0.2.RELEASE.jar:/Volumes/olive/Tools/apache-maven-3.5.3/repo/org/springframework/boot/spring-boot/2.0.2.RELEASE/spring-boot-2.0.2.RELEASE.jar:/Volumes/olive/Tools/apache-maven-3.5.3/repo/org/springframework/spring-context/5.0.6.RELEASE/spring-context-5.0.6.RELEASE.jar:/Volumes/olive/Tools/apache-maven-3.5.3/repo/org/springframework/spring-aop/5.0.6.RELEASE/spring-aop-5.0.6.RELEASE.jar:/Volumes/olive/Tools/apache-maven-3.5.3/repo/org/springframework/spring-beans/5.0.6.RELEASE/spring-beans-5.0.6.RELEASE.jar:/Volumes/olive/Tools/apache-maven-3.5.3/repo/org/springframework/spring-expression/5.0.6.RELEASE/spring-expression-5.0.6.RELEASE.jar:/Volumes/olive/Tools/apache-maven-3.5.3/repo/org/springframework/boot/spring-boot-autoconfigure/2.0.2.RELEASE/spring-boot-autoconfigure-2.0.2.RELEASE.jar:/Volumes/olive/Tools/apache-maven-3.5.3/repo/org/springframework/boot/spring-boot-starter-logging/2.0.2.RELEASE/spring-boot-starter-logging-2.0.2.RELEASE.jar:/Volumes/olive/Tools/apache-maven-3.5.3/repo/ch/qos/logback/logback-classic/1.2.3/logback-classic-1.2.3.jar:/Volumes/olive/Tools/apache-maven-3.5.3/repo/ch/qos/logback/logback-core/1.2.3/logback-core-1.2.3.jar:/Volumes/olive/Tools/apache-maven-3.5.3/repo/org/apache/logging/log4j/log4j-to-slf4j/2.10.0/log4j-to-slf4j-2.10.0.jar:/Volumes/olive/Tools/apache-maven-3.5.3/repo/org/apache/logging/log4j/log4j-api/2.10.0/log4j-api-2.10.0.jar:/Volumes/olive/Tools/apache-maven-3.5.3/repo/org/slf4j/jul-to-slf4j/1.7.25/jul-to-slf4j-1.7.25.jar:/Volumes/olive/Tools/apache-maven-3.5.3/repo/javax/annotation/javax.annotation-api/1.3.2/javax.annotation-api-1.3.2.jar:/Volumes/olive/Tools/apache-maven-3.5.3/repo/org/springframework/spring-core/5.0.6.RELEASE/spring-core-5.0.6.RELEASE.jar:/Volumes/olive/Tools/apache-maven-3.5.3/repo/org/springframework/spring-jcl/5.0.6.RELEASE/spring-jcl-5.0.6.RELEASE.jar:/Volumes/olive/Tools/apache-maven-3.5.3/repo/org/yaml/snakeyaml/1.19/snakeyaml-1.19.jar:/Volumes/olive/Tools/apache-maven-3.5.3/repo/org/springframework/boot/spring-boot-starter-test/2.0.2.RELEASE/spring-boot-starter-test-2.0.2.RELEASE.jar:/Volumes/olive/Tools/apache-maven-3.5.3/repo/org/springframework/boot/spring-boot-test/2.0.2.RELEASE/spring-boot-test-2.0.2.RELEASE.jar:/Volumes/olive/Tools/apache-maven-3.5.3/repo/org/springframework/boot/spring-boot-test-autoconfigure/2.0.2.RELEASE/spring-boot-test-autoconfigure-2.0.2.RELEASE.jar:/Volumes/olive/Tools/apache-maven-3.5.3/repo/com/jayway/jsonpath/json-path/2.4.0/json-path-2.4.0.jar:/Volumes/olive/Tools/apache-maven-3.5.3/repo/net/minidev/json-smart/2.3/json-smart-2.3.jar:/Volumes/olive/Tools/apache-maven-3.5.3/repo/net/minidev/accessors-smart/1.2/accessors-smart-1.2.jar:/Volumes/olive/Tools/apache-maven-3.5.3/repo/org/ow2/asm/asm/5.0.4/asm-5.0.4.jar:/Volumes/olive/Tools/apache-maven-3.5.3/repo/org/slf4j/slf4j-api/1.7.25/slf4j-api-1.7.25.jar:/Volumes/olive/Tools/apache-maven-3.5.3/repo/junit/junit/4.12/junit-4.12.jar:/Volumes/olive/Tools/apache-maven-3.5.3/repo/org/assertj/assertj-core/3.9.1/assertj-core-3.9.1.jar:/Volumes/olive/Tools/apache-maven-3.5.3/repo/org/mockito/mockito-core/2.15.0/mockito-core-2.15.0.jar:/Volumes/olive/Tools/apache-maven-3.5.3/repo/net/bytebuddy/byte-buddy/1.7.11/byte-buddy-1.7.11.jar:/Volumes/olive/Tools/apache-maven-3.5.3/repo/net/bytebuddy/byte-buddy-agent/1.7.11/byte-buddy-agent-1.7.11.jar:/Volumes/olive/Tools/apache-maven-3.5.3/repo/org/objenesis/objenesis/2.6/objenesis-2.6.jar:/Volumes/olive/Tools/apache-maven-3.5.3/repo/org/hamcrest/hamcrest-core/1.3/hamcrest-core-1.3.jar:/Volumes/olive/Tools/apache-maven-3.5.3/repo/org/hamcrest/hamcrest-library/1.3/hamcrest-library-1.3.jar:/Volumes/olive/Tools/apache-maven-3.5.3/repo/org/skyscreamer/jsonassert/1.5.0/jsonassert-1.5.0.jar:/Volumes/olive/Tools/apache-maven-3.5.3/repo/com/vaadin/external/google/android-json/0.0.20131108.vaadin1/android-json-0.0.20131108.vaadin1.jar:/Volumes/olive/Tools/apache-maven-3.5.3/repo/org/springframework/spring-test/5.0.6.RELEASE/spring-test-5.0.6.RELEASE.jar:/Volumes/olive/Tools/apache-maven-3.5.3/repo/org/xmlunit/xmlunit-core/2.5.1/xmlunit-core-2.5.1.jar:/Volumes/olive/Tools/apache-maven-3.5.3/repo/mysql/mysql-connector-java/5.1.46/mysql-connector-java-5.1.46.jar:/Volumes/olive/Tools/apache-maven-3.5.3/repo/com/orientechnologies/orientdb-core/3.0.1/orientdb-core-3.0.1.jar:/Volumes/olive/Tools/apache-maven-3.5.3/repo/net/java/dev/jna/jna/4.5.1/jna-4.5.1.jar:/Volumes/olive/Tools/apache-maven-3.5.3/repo/net/java/dev/jna/jna-platform/4.5.1/jna-platform-4.5.1.jar:/Volumes/olive/Tools/apache-maven-3.5.3/repo/com/googlecode/concurrentlinkedhashmap/concurrentlinkedhashmap-lru/1.4.2/concurrentlinkedhashmap-lru-1.4.2.jar:/Volumes/olive/Tools/apache-maven-3.5.3/repo/com/orientechnologies/orientdb-client/3.0.1/orientdb-client-3.0.1.jar:"/>
    <property name="java.vm.vendor" value="Oracle Corporation"/>
    <property name="sun.arch.data.model" value="64"/>
    <property name="java.vendor.url" value="http://java.oracle.com/"/>
    <property name="user.timezone" value=""/>
    <property name="user.country.format" value="CN"/>
    <property name="java.vm.specification.version" value="1.8"/>
    <property name="os.name" value="Mac OS X"/>
    <property name="user.country" value="US"/>
    <property name="sun.java.launcher" value="SUN_STANDARD"/>
    <property name="sun.boot.library.path" value="/Library/Java/JavaVirtualMachines/jdk1.8.0_171.jdk/Contents/Home/jre/lib"/>
    <property name="sun.java.command" value="/Volumes/olive/eclipse-wspc-MyMavenProj/p-connect/p-connect-library/target/surefire/surefirebooter2268185645172561388.jar /Volumes/olive/eclipse-wspc-MyMavenProj/p-connect/p-connect-library/target/surefire 2018-06-08T13-03-02_494-jvmRun1 surefire3507454372593694072tmp surefire_07848381085005445288tmp"/>
    <property name="surefire.test.class.path" value="/Volumes/olive/eclipse-wspc-MyMavenProj/p-connect/p-connect-library/target/test-classes:/Volumes/olive/eclipse-wspc-MyMavenProj/p-connect/p-connect-library/target/classes:/Volumes/olive/Tools/apache-maven-3.5.3/repo/org/springframework/boot/spring-boot-starter/2.0.2.RELEASE/spring-boot-starter-2.0.2.RELEASE.jar:/Volumes/olive/Tools/apache-maven-3.5.3/repo/org/springframework/boot/spring-boot/2.0.2.RELEASE/spring-boot-2.0.2.RELEASE.jar:/Volumes/olive/Tools/apache-maven-3.5.3/repo/org/springframework/spring-context/5.0.6.RELEASE/spring-context-5.0.6.RELEASE.jar:/Volumes/olive/Tools/apache-maven-3.5.3/repo/org/springframework/spring-aop/5.0.6.RELEASE/spring-aop-5.0.6.RELEASE.jar:/Volumes/olive/Tools/apache-maven-3.5.3/repo/org/springframework/spring-beans/5.0.6.RELEASE/spring-beans-5.0.6.RELEASE.jar:/Volumes/olive/Tools/apache-maven-3.5.3/repo/org/springframework/spring-expression/5.0.6.RELEASE/spring-expression-5.0.6.RELEASE.jar:/Volumes/olive/Tools/apache-maven-3.5.3/repo/org/springframework/boot/spring-boot-autoconfigure/2.0.2.RELEASE/spring-boot-autoconfigure-2.0.2.RELEASE.jar:/Volumes/olive/Tools/apache-maven-3.5.3/repo/org/springframework/boot/spring-boot-starter-logging/2.0.2.RELEASE/spring-boot-starter-logging-2.0.2.RELEASE.jar:/Volumes/olive/Tools/apache-maven-3.5.3/repo/ch/qos/logback/logback-classic/1.2.3/logback-classic-1.2.3.jar:/Volumes/olive/Tools/apache-maven-3.5.3/repo/ch/qos/logback/logback-core/1.2.3/logback-core-1.2.3.jar:/Volumes/olive/Tools/apache-maven-3.5.3/repo/org/apache/logging/log4j/log4j-to-slf4j/2.10.0/log4j-to-slf4j-2.10.0.jar:/Volumes/olive/Tools/apache-maven-3.5.3/repo/org/apache/logging/log4j/log4j-api/2.10.0/log4j-api-2.10.0.jar:/Volumes/olive/Tools/apache-maven-3.5.3/repo/org/slf4j/jul-to-slf4j/1.7.25/jul-to-slf4j-1.7.25.jar:/Volumes/olive/Tools/apache-maven-3.5.3/repo/javax/annotation/javax.annotation-api/1.3.2/javax.annotation-api-1.3.2.jar:/Volumes/olive/Tools/apache-maven-3.5.3/repo/org/springframework/spring-core/5.0.6.RELEASE/spring-core-5.0.6.RELEASE.jar:/Volumes/olive/Tools/apache-maven-3.5.3/repo/org/springframework/spring-jcl/5.0.6.RELEASE/spring-jcl-5.0.6.RELEASE.jar:/Volumes/olive/Tools/apache-maven-3.5.3/repo/org/yaml/snakeyaml/1.19/snakeyaml-1.19.jar:/Volumes/olive/Tools/apache-maven-3.5.3/repo/org/springframework/boot/spring-boot-starter-test/2.0.2.RELEASE/spring-boot-starter-test-2.0.2.RELEASE.jar:/Volumes/olive/Tools/apache-maven-3.5.3/repo/org/springframework/boot/spring-boot-test/2.0.2.RELEASE/spring-boot-test-2.0.2.RELEASE.jar:/Volumes/olive/Tools/apache-maven-3.5.3/repo/org/springframework/boot/spring-boot-test-autoconfigure/2.0.2.RELEASE/spring-boot-test-autoconfigure-2.0.2.RELEASE.jar:/Volumes/olive/Tools/apache-maven-3.5.3/repo/com/jayway/jsonpath/json-path/2.4.0/json-path-2.4.0.jar:/Volumes/olive/Tools/apache-maven-3.5.3/repo/net/minidev/json-smart/2.3/json-smart-2.3.jar:/Volumes/olive/Tools/apache-maven-3.5.3/repo/net/minidev/accessors-smart/1.2/accessors-smart-1.2.jar:/Volumes/olive/Tools/apache-maven-3.5.3/repo/org/ow2/asm/asm/5.0.4/asm-5.0.4.jar:/Volumes/olive/Tools/apache-maven-3.5.3/repo/org/slf4j/slf4j-api/1.7.25/slf4j-api-1.7.25.jar:/Volumes/olive/Tools/apache-maven-3.5.3/repo/junit/junit/4.12/junit-4.12.jar:/Volumes/olive/Tools/apache-maven-3.5.3/repo/org/assertj/assertj-core/3.9.1/assertj-core-3.9.1.jar:/Volumes/olive/Tools/apache-maven-3.5.3/repo/org/mockito/mockito-core/2.15.0/mockito-core-2.15.0.jar:/Volumes/olive/Tools/apache-maven-3.5.3/repo/net/bytebuddy/byte-buddy/1.7.11/byte-buddy-1.7.11.jar:/Volumes/olive/Tools/apache-maven-3.5.3/repo/net/bytebuddy/byte-buddy-agent/1.7.11/byte-buddy-agent-1.7.11.jar:/Volumes/olive/Tools/apache-maven-3.5.3/repo/org/objenesis/objenesis/2.6/objenesis-2.6.jar:/Volumes/olive/Tools/apache-maven-3.5.3/repo/org/hamcrest/hamcrest-core/1.3/hamcrest-core-1.3.jar:/Volumes/olive/Tools/apache-maven-3.5.3/repo/org/hamcrest/hamcrest-library/1.3/hamcrest-library-1.3.jar:/Volumes/olive/Tools/apache-maven-3.5.3/repo/org/skyscreamer/jsonassert/1.5.0/jsonassert-1.5.0.jar:/Volumes/olive/Tools/apache-maven-3.5.3/repo/com/vaadin/external/google/android-json/0.0.20131108.vaadin1/android-json-0.0.20131108.vaadin1.jar:/Volumes/olive/Tools/apache-maven-3.5.3/repo/org/springframework/spring-test/5.0.6.RELEASE/spring-test-5.0.6.RELEASE.jar:/Volumes/olive/Tools/apache-maven-3.5.3/repo/org/xmlunit/xmlunit-core/2.5.1/xmlunit-core-2.5.1.jar:/Volumes/olive/Tools/apache-maven-3.5.3/repo/mysql/mysql-connector-java/5.1.46/mysql-connector-java-5.1.46.jar:/Volumes/olive/Tools/apache-maven-3.5.3/repo/com/orientechnologies/orientdb-core/3.0.1/orientdb-core-3.0.1.jar:/Volumes/olive/Tools/apache-maven-3.5.3/repo/net/java/dev/jna/jna/4.5.1/jna-4.5.1.jar:/Volumes/olive/Tools/apache-maven-3.5.3/repo/net/java/dev/jna/jna-platform/4.5.1/jna-platform-4.5.1.jar:/Volumes/olive/Tools/apache-maven-3.5.3/repo/com/googlecode/concurrentlinkedhashmap/concurrentlinkedhashmap-lru/1.4.2/concurrentlinkedhashmap-lru-1.4.2.jar:/Volumes/olive/Tools/apache-maven-3.5.3/repo/com/orientechnologies/orientdb-client/3.0.1/orientdb-client-3.0.1.jar:"/>
    <property name="sun.cpu.endian" value="little"/>
    <property name="user.home" value="/Users/jinfei"/>
    <property name="user.language" value="en"/>
    <property name="java.specification.vendor" value="Oracle Corporation"/>
    <property name="java.home" value="/Library/Java/JavaVirtualMachines/jdk1.8.0_171.jdk/Contents/Home/jre"/>
    <property name="basedir" value="/Volumes/olive/eclipse-wspc-MyMavenProj/p-connect/p-connect-library"/>
    <property name="file.separator" value="/"/>
    <property name="line.separator" value="&#10;"/>
    <property name="java.vm.specification.vendor" value="Oracle Corporation"/>
    <property name="java.specification.name" value="Java Platform API Specification"/>
    <property name="java.awt.graphicsenv" value="sun.awt.CGraphicsEnvironment"/>
    <property name="surefire.real.class.path" value="/Volumes/olive/eclipse-wspc-MyMavenProj/p-connect/p-connect-library/target/surefire/surefirebooter2268185645172561388.jar"/>
    <property name="sun.boot.class.path" value="/Library/Java/JavaVirtualMachines/jdk1.8.0_171.jdk/Contents/Home/jre/lib/resources.jar:/Library/Java/JavaVirtualMachines/jdk1.8.0_171.jdk/Contents/Home/jre/lib/rt.jar:/Library/Java/JavaVirtualMachines/jdk1.8.0_171.jdk/Contents/Home/jre/lib/sunrsasign.jar:/Library/Java/JavaVirtualMachines/jdk1.8.0_171.jdk/Contents/Home/jre/lib/jsse.jar:/Library/Java/JavaVirtualMachines/jdk1.8.0_171.jdk/Contents/Home/jre/lib/jce.jar:/Library/Java/JavaVirtualMachines/jdk1.8.0_171.jdk/Contents/Home/jre/lib/charsets.jar:/Library/Java/JavaVirtualMachines/jdk1.8.0_171.jdk/Contents/Home/jre/lib/jfr.jar:/Library/Java/JavaVirtualMachines/jdk1.8.0_171.jdk/Contents/Home/jre/classes"/>
    <property name="sun.management.compiler" value="HotSpot 64-Bit Tiered Compilers"/>
    <property name="java.runtime.version" value="1.8.0_171-b11"/>
    <property name="user.name" value="jinfei"/>
    <property name="path.separator" value=":"/>
    <property name="os.version" value="10.13.5"/>
    <property name="java.endorsed.dirs" value="/Library/Java/JavaVirtualMachines/jdk1.8.0_171.jdk/Contents/Home/jre/lib/endorsed"/>
    <property name="java.runtime.name" value="Java(TM) SE Runtime Environment"/>
    <property name="file.encoding" value="UTF-8"/>
    <property name="java.vm.name" value="Java HotSpot(TM) 64-Bit Server VM"/>
    <property name="localRepository" value="/Volumes/olive/Tools/apache-maven-3.5.3/repo"/>
    <property name="java.vendor.url.bug" value="http://bugreport.sun.com/bugreport/"/>
    <property name="java.io.tmpdir" value="/var/folders/hy/b4lpt5js1b1929ttkg5cckmw0000gn/T/"/>
    <property name="java.version" value="1.8.0_171"/>
    <property name="user.dir" value="/Volumes/olive/eclipse-wspc-MyMavenProj/p-connect/p-connect-library"/>
    <property name="os.arch" value="x86_64"/>
    <property name="java.vm.specification.name" value="Java Virtual Machine Specification"/>
    <property name="java.awt.printerjob" value="sun.lwawt.macosx.CPrinterJob"/>
    <property name="sun.os.patch.level" value="unknown"/>
    <property name="java.library.path" value="/Users/jinfei/Library/Java/Extensions:/Library/Java/Extensions:/Network/Library/Java/Extensions:/System/Library/Java/Extensions:/usr/lib/java:."/>
    <property name="java.vm.info" value="mixed mode"/>
    <property name="java.vendor" value="Oracle Corporation"/>
    <property name="java.vm.version" value="25.171-b11"/>
    <property name="java.ext.dirs" value="/Users/jinfei/Library/Java/Extensions:/Library/Java/JavaVirtualMachines/jdk1.8.0_171.jdk/Contents/Home/jre/lib/ext:/Library/Java/Extensions:/Network/Library/Java/Extensions:/System/Library/Java/Extensions:/usr/lib/java"/>
    <property name="sun.io.unicode.encoding" value="UnicodeBig"/>
    <property name="java.class.version" value="52.0"/>
  </properties>
  <testcase name="contextLoads" classname="hello.service.MyServiceTest" time="0.62"/>
</testsuite>